#
# A fatal error has been detected by the Java Runtime Environment:
#
#  EXCEPTION_ACCESS_VIOLATION (0xc0000005) at pc=0x643053f0, pid=7300, tid=5908
#
# JRE version: 7.0_03-b05
# Java VM: Java HotSpot(TM) Client VM (22.1-b02 mixed mode windows-x86 )
# Problematic frame:
# V  [jvm.dll+0xf53f0]
#
# Failed to write core dump. Minidumps are not enabled by default on client versions of Windows
#
# If you would like to submit a bug report, please visit:
#   http://bugreport.sun.com/bugreport/crash.jsp
#

---------------  T H R E A D  ---------------

Current thread (0x00e2c000):  JavaThread "JDWP Transport Listener: dt_socket" daemon [_thread_in_vm, id=5908, stack(0x284f0000,0x28540000)]

siginfo: ExceptionCode=0xc0000005, reading address 0x00000000

Registers:
EAX=0x00000000, EBX=0x00e2c000, ECX=0x00000035, EDX=0x27cffcf8
ESP=0x2853f3f0, EBP=0x2853f498, ESI=0x00000000, EDI=0x00000000
EIP=0x643053f0, EFLAGS=0x00010246

Top of Stack: (sp=0x2853f3f0)
0x2853f3f0:   00e30420 00e2c000 00e32a58 2853f418
0x2853f400:   2853f484 00e32eb0 00000001 2853f6cc
0x2853f410:   00000001 2853f44c 64304b75 00e32f0c
0x2853f420:   2853f480 00000011 27cff7a0 00e1c558
0x2853f430:   00000008 00e2c000 6428aaf1 2853f460
0x2853f440:   6428b0be 2853f6cc 00010100 2853f48c
0x2853f450:   64304f1e 00e32f0c 2853f480 00e2c000
0x2853f460:   00e2c000 2853f6cc 00e32a58 00e32a58 

Instructions: (pc=0x643053f0)
0x643053d0:   04 3b 4e 0c 76 0b 6a 04 8b ce e8 a1 71 f6 ff eb
0x643053e0:   03 89 4e 08 89 38 8b f0 8b 4d 0c 8b 11 8b 4a 24
0x643053f0:   8b 06 8b 55 10 53 6a 01 56 89 48 24 8b 45 0c 8b
0x64305400:   08 4a 52 6a 01 e8 06 bc ff ff 89 75 0c 8b 36 c6 


Register to memory mapping:

EAX=0x00000000 is an unknown value
EBX=0x00e2c000 is a thread
ECX=0x00000035 is an unknown value
EDX=0x27cffcf8 is an oop

[error occurred during error reporting (printing register info), id 0xe0000000]

Stack: [0x284f0000,0x28540000],  sp=0x2853f3f0,  free space=316k
Native frames: (J=compiled Java code, j=interpreted, Vv=VM code, C=native code)
V  [jvm.dll+0xf53f0]
V  [jvm.dll+0xf709b]
V  [jvm.dll+0xf74a9]
V  [jvm.dll+0xf79ae]
V  [jvm.dll+0xde2f4]
V  [jvm.dll+0x1d1adf]
C  [jdwp.dll+0x7eb8]
C  [jdwp.dll+0xbd12]  Agent_OnLoad+0x9a5


---------------  P R O C E S S  ---------------

Java Threads: ( => current thread )
  0x2c094800 JavaThread "btpool0-48" [_thread_blocked, id=11936, stack(0x29300000,0x29350000)]
  0x2c094400 JavaThread "btpool0-47" [_thread_blocked, id=10348, stack(0x28ce0000,0x28d30000)]
  0x297a1c00 JavaThread "btpool0-46" [_thread_blocked, id=12080, stack(0x29de0000,0x29e30000)]
  0x297a1400 JavaThread "btpool0-44" [_thread_blocked, id=10596, stack(0x29350000,0x293a0000)]
  0x297a2000 JavaThread "Java2D Disposer" daemon [_thread_blocked, id=7600, stack(0x2b080000,0x2b0d0000)]
  0x29709c00 JavaThread "Timer-0" daemon [_thread_blocked, id=5548, stack(0x28fd0000,0x29020000)]
  0x00e4dc00 JavaThread "btpool0-1 - Acceptor0 SelectChannelConnector@127.0.0.1:8888" [_thread_blocked, id=7860, stack(0x291e0000,0x29230000)]
  0x00f94000 JavaThread "GC Daemon" daemon [_thread_blocked, id=6916, stack(0x28f80000,0x28fd0000)]
  0x28a3c000 JavaThread "Code server listener" daemon [_thread_in_native, id=5676, stack(0x28c60000,0x28cb0000)]
  0x28a09000 JavaThread "com.google.gwt.thirdparty.guava.common.base.internal.Finalizer" daemon [_thread_blocked, id=6164, stack(0x28dd0000,0x28e20000)]
  0x28a00400 JavaThread "UnitWriteThread" daemon [_thread_blocked, id=6172, stack(0x28e50000,0x28ea0000)]
  0x28805400 JavaThread "Thread-1" daemon [_thread_blocked, id=7752, stack(0x28d70000,0x28dc0000)]
  0x28824800 JavaThread "Thread-0" [_thread_in_native, id=7748, stack(0x286d0000,0x28720000)]
  0x00e49400 JavaThread "Service Thread" daemon [_thread_blocked, id=6440, stack(0x28420000,0x28470000)]
  0x00e48c00 JavaThread "C1 CompilerThread0" daemon [_thread_blocked, id=7712, stack(0x28370000,0x283c0000)]
  0x00e37000 JavaThread "JDWP Command Reader" daemon [_thread_in_native, id=2140, stack(0x287b0000,0x28800000)]
  0x00e34000 JavaThread "JDWP Event Helper Thread" daemon [_thread_blocked, id=3936, stack(0x28680000,0x286d0000)]
=>0x00e2c000 JavaThread "JDWP Transport Listener: dt_socket" daemon [_thread_in_vm, id=5908, stack(0x284f0000,0x28540000)]
  0x00e21400 JavaThread "Attach Listener" daemon [_thread_blocked, id=6372, stack(0x27fc0000,0x28010000)]
  0x00e20000 JavaThread "Signal Dispatcher" daemon [_thread_blocked, id=4492, stack(0x01080000,0x010d0000)]
  0x00dcb800 JavaThread "Finalizer" daemon [_thread_blocked, id=4348, stack(0x27e60000,0x27eb0000)]
  0x00dc6c00 JavaThread "Reference Handler" daemon [_thread_blocked, id=3480, stack(0x00ff0000,0x01040000)]
  0x0018ac00 JavaThread "main" [_thread_blocked, id=4708, stack(0x00a90000,0x00ae0000)]

Other Threads:
  0x00dc1c00 VMThread [stack: 0x27d80000,0x27dd0000] [id=6304]
  0x00e52000 WatcherThread [stack: 0x28600000,0x28650000] [id=7716]

VM state:synchronizing (normal execution)

VM Mutex/Monitor currently owned by a thread:  ([mutex/lock_event])
[0x00188cf8] Threads_lock - owner thread: 0x00dc1c00
[0x00189108] Heap_lock - owner thread: 0x28a09000

Heap
 def new generation   total 157248K, used 198K [0x03d00000, 0x0e7a0000, 0x0e7a0000)
  eden space 139776K,   0% used [0x03d00000, 0x03d31910, 0x0c580000)
  from space 17472K,   0% used [0x0d690000, 0x0d690000, 0x0e7a0000)
  to   space 17472K,   0% used [0x0c580000, 0x0c580000, 0x0d690000)
 tenured generation   total 349568K, used 329767K [0x0e7a0000, 0x23d00000, 0x23d00000)
   the space 349568K,  94% used [0x0e7a0000, 0x229a9c20, 0x229a9e00, 0x23d00000)
 compacting perm gen  total 65536K, used 65535K [0x23d00000, 0x27d00000, 0x27d00000)
   the space 65536K,  99% used [0x23d00000, 0x27cfff40, 0x27d00000, 0x27d00000)
No shared spaces configured.

Code Cache  [0x01d00000, 0x029a8000, 0x03d00000)
 total_blobs=6013 nmethods=5802 adapters=150 free_code_cache=19831Kb largest_free_block=20294720

Dynamic libraries:
0x010d0000 - 0x010ff000 	C:\Program Files\Java\jre7\bin\javaw.exe
0x77ad0000 - 0x77c0c000 	C:\Windows\SYSTEM32\ntdll.dll
0x76ed0000 - 0x76fa4000 	C:\Windows\system32\kernel32.dll
0x755d0000 - 0x7561a000 	C:\Windows\system32\KERNELBASE.dll
0x76fb0000 - 0x77050000 	C:\Windows\system32\ADVAPI32.dll
0x75910000 - 0x759bc000 	C:\Windows\system32\msvcrt.dll
0x75b40000 - 0x75b59000 	C:\Windows\SYSTEM32\sechost.dll
0x759c0000 - 0x75a61000 	C:\Windows\system32\RPCRT4.dll
0x77260000 - 0x77329000 	C:\Windows\system32\USER32.dll
0x77050000 - 0x7709e000 	C:\Windows\system32\GDI32.dll
0x75900000 - 0x7590a000 	C:\Windows\system32\LPK.dll
0x75be0000 - 0x75c7d000 	C:\Windows\system32\USP10.dll
0x740e0000 - 0x7427e000 	C:\Windows\WinSxS\x86_microsoft.windows.common-controls_6595b64144ccf1df_6.0.7601.17514_none_41e6975e2bd6f2b2\COMCTL32.dll
0x756e0000 - 0x75737000 	C:\Windows\system32\SHLWAPI.dll
0x770a0000 - 0x770bf000 	C:\Windows\system32\IMM32.DLL
0x75d10000 - 0x75ddc000 	C:\Windows\system32\MSCTF.dll
0x65030000 - 0x650ee000 	C:\Program Files\Java\jre7\bin\msvcr100.dll
0x64210000 - 0x64538000 	C:\Program Files\Java\jre7\bin\client\jvm.dll
0x735c0000 - 0x735c7000 	C:\Windows\system32\WSOCK32.dll
0x76e90000 - 0x76ec5000 	C:\Windows\system32\WS2_32.dll
0x77c10000 - 0x77c16000 	C:\Windows\system32\NSI.dll
0x73d00000 - 0x73d32000 	C:\Windows\system32\WINMM.dll
0x75b30000 - 0x75b35000 	C:\Windows\system32\PSAPI.DLL
0x702e0000 - 0x702ec000 	C:\Program Files\Java\jre7\bin\verify.dll
0x6e3d0000 - 0x6e3f0000 	C:\Program Files\Java\jre7\bin\java.dll
0x6caf0000 - 0x6cb1a000 	C:\Program Files\Java\jre7\bin\jdwp.dll
0x74710000 - 0x74717000 	C:\Program Files\Java\jre7\bin\npt.dll
0x6e540000 - 0x6e553000 	C:\Program Files\Java\jre7\bin\zip.dll
0x6ead0000 - 0x6ead8000 	C:\Program Files\Java\jre7\bin\dt_socket.dll
0x73be0000 - 0x73bf0000 	C:\Windows\system32\NLAapi.dll
0x6fd80000 - 0x6fd90000 	C:\Windows\system32\napinsp.dll
0x6fd60000 - 0x6fd72000 	C:\Windows\system32\pnrpnsp.dll
0x707d0000 - 0x707f1000 	C:\Program Files\Bonjour\mdnsNSP.dll
0x73170000 - 0x7318c000 	C:\Windows\system32\Iphlpapi.DLL
0x73150000 - 0x73157000 	C:\Windows\system32\WINNSI.DLL
0x74e50000 - 0x74e8c000 	C:\Windows\System32\mswsock.dll
0x74d10000 - 0x74d54000 	C:\Windows\system32\DNSAPI.dll
0x6fd50000 - 0x6fd58000 	C:\Windows\System32\winrnr.dll
0x73670000 - 0x736a8000 	C:\Windows\System32\fwpuclnt.dll
0x70770000 - 0x70776000 	C:\Windows\system32\rasadhlp.dll
0x74970000 - 0x74975000 	C:\Windows\System32\wshtcpip.dll
0x6c9f0000 - 0x6ca04000 	C:\Program Files\Java\jre7\bin\net.dll
0x74e40000 - 0x74e46000 	C:\Windows\System32\wship6.dll
0x74e90000 - 0x74ea6000 	C:\Windows\system32\CRYPTSP.dll
0x74c30000 - 0x74c6b000 	C:\Windows\system32\rsaenh.dll
0x74a40000 - 0x74a57000 	C:\Windows\system32\USERENV.dll
0x753e0000 - 0x753eb000 	C:\Windows\system32\profapi.dll
0x75360000 - 0x7536c000 	C:\Windows\system32\CRYPTBASE.dll
0x67600000 - 0x67609000 	C:\Users\ssonam\Documents\eclipse\plugins\com.google.gwt.eclipse.sdkbundle_2.4.0.v201203300216-rel-r37\gwt-2.4.0\gwt-ll.dll
0x75de0000 - 0x75efb000 	C:\Windows\system32\wininet.dll
0x75a70000 - 0x75a73000 	C:\Windows\system32\Normaliz.dll
0x75740000 - 0x758f8000 	C:\Windows\system32\iertutil.dll
0x76d40000 - 0x76e51000 	C:\Windows\system32\urlmon.dll
0x75f00000 - 0x7605c000 	C:\Windows\system32\ole32.dll
0x75c80000 - 0x75d0f000 	C:\Windows\system32\OLEAUT32.dll
0x751b0000 - 0x751b8000 	C:\Windows\system32\Secur32.dll
0x752f0000 - 0x7530b000 	C:\Windows\system32\SSPICLI.DLL
0x760f0000 - 0x76d3a000 	C:\Windows\system32\SHELL32.dll
0x734f0000 - 0x73542000 	C:\Windows\system32\RASAPI32.dll
0x732b0000 - 0x732c5000 	C:\Windows\system32\rasman.dll
0x731a0000 - 0x731ad000 	C:\Windows\system32\rtutils.dll
0x70320000 - 0x70326000 	C:\Windows\system32\sensapi.dll
0x74720000 - 0x7472f000 	C:\Program Files\Java\jre7\bin\nio.dll
0x73290000 - 0x732a4000 	C:\Windows\system32\jsproxy.dll
0x76060000 - 0x760e3000 	C:\Windows\system32\CLBCatQ.DLL
0x753d0000 - 0x753de000 	C:\Windows\system32\RpcRtRemote.dll
0x6a5c0000 - 0x6a5e0000 	C:\Program Files\Java\jre7\bin\sunec.dll
0x6e520000 - 0x6e529000 	C:\Program Files\Java\jre7\bin\sunmscapi.dll
0x75460000 - 0x7557e000 	C:\Windows\system32\CRYPT32.dll
0x75450000 - 0x7545c000 	C:\Windows\system32\MSASN1.dll
0x64b40000 - 0x64c82000 	C:\Program Files\Java\jre7\bin\awt.dll
0x73bc0000 - 0x73bd3000 	C:\Windows\system32\DWMAPI.DLL
0x67c80000 - 0x67ca5000 	C:\Program Files\Java\jre7\bin\jpeg.dll

VM Arguments:
jvm_args: -agentlib:jdwp=transport=dt_socket,suspend=y,address=localhost:50222 -Xmx512m -Dfile.encoding=Cp1252 
java_command: com.google.gwt.dev.DevMode -remoteUI 50221:1867048871458 -startupUrl Mvp4gtest.html -logLevel INFO -codeServerPort 9997 -port 8888 -war C:\Users\ssonam\Desktop\work\gwtUI\war de.bbcdaas.opendata.gwt.mvp4gtest
Launcher Type: SUN_STANDARD

Environment Variables:
PATH=C:/Program Files/Java/jre7/bin/client;C:/Program Files/Java/jre7/bin;C:/Program Files/Java/jre7/lib/i386;C:\Windows\system32;C:\Windows;C:\Windows\System32\Wbem;C:\Windows\System32\WindowsPowerShell\v1.0\;C:\Users\ssonam\Documents\eclipse;
USERNAME=ssonam
OS=Windows_NT
PROCESSOR_IDENTIFIER=x86 Family 6 Model 15 Stepping 11, GenuineIntel



---------------  S Y S T E M  ---------------

OS: Windows 7 Build 7601 Service Pack 1

CPU:total 4 (4 cores per cpu, 1 threads per core) family 6 model 15 stepping 11, cmov, cx8, fxsr, mmx, sse, sse2, sse3, ssse3

Memory: 4k page, physical 3798688k(861876k free), swap 7595620k(3089616k free)

vm_info: Java HotSpot(TM) Client VM (22.1-b02) for windows-x86 JRE (1.7.0_03-b05), built on Feb  3 2012 20:43:37 by "java_re" with unknown MS VC++:1600

time: Thu Aug 02 15:58:02 2012
elapsed time: 10363 seconds

